-------------------------------------------------------------------------------
Test set: com.ngtesting.autotest.test.TestLogin
-------------------------------------------------------------------------------
Tests run: 3, Failures: 1, Errors: 0, Skipped: 0, Time elapsed: 0.312 sec <<< FAILURE!
账号过期(com.ngtesting.autotest.test.TestLogin)  Time elapsed: 0.002 sec  <<< FAILURE!
java.lang.AssertionError: expected [login2] but found [login]
	at org.testng.Assert.fail(Assert.java:97)
	at org.testng.Assert.assertEqualsImpl(Assert.java:136)
	at org.testng.Assert.assertEquals(Assert.java:118)
	at org.testng.Assert.assertEquals(Assert.java:575)
	at org.testng.Assert.assertEquals(Assert.java:585)
	at com.ngtesting.autotest.test.TestLogin.loginFail(TestLogin.java:30)

